<?xml version="1.0" encoding="utf-8"?><testsuites name="pytest tests"><testsuite name="pytest" errors="0" failures="1" skipped="0" tests="13" time="3.345" timestamp="2026-05-05T07:25:50.092014+00:00" hostname="agent-env-2c6bd368-7851-49db-9a7a-b6e2c6030607"><testcase classname="backend.tests.test_iter3_segments_mobile.TestMobileValidator" name="test_letters_rejected" time="0.793" /><testcase classname="backend.tests.test_iter3_segments_mobile.TestMobileValidator" name="test_with_plus_accepted" time="0.104" /><testcase classname="backend.tests.test_iter3_segments_mobile.TestMobileValidator" name="test_digits_only_accepted" time="0.099" /><testcase classname="backend.tests.test_iter3_segments_mobile.TestMobileValidator" name="test_space_inside_rejected" time="0.047" /><testcase classname="backend.tests.test_iter3_segments_mobile.TestSegmentMultiselect" name="test_makes_or_within_group" time="0.208" /><testcase classname="backend.tests.test_iter3_segments_mobile.TestSegmentMultiselect" name="test_makes_only_returns_only_matching" time="0.155" /><testcase classname="backend.tests.test_iter3_segments_mobile.TestSegmentMultiselect" name="test_make_and_model_and_across_groups" time="0.144" /><testcase classname="backend.tests.test_iter3_segments_mobile.TestSegmentMultiselect" name="test_years_multiselect" time="0.098" /><testcase classname="backend.tests.test_iter3_segments_mobile.TestSegmentMultiselect" name="test_colors_multiselect" time="0.199" /><testcase classname="backend.tests.test_iter3_segments_mobile.TestSegmentMultiselect" name="test_legacy_single_make_backcompat" time="0.101" /><testcase classname="backend.tests.test_iter3_segments_mobile.TestSegmentDetailAndExport" name="test_get_segment_detail_shape" time="0.114"><failure message="AssertionError: assert 'created_by_name' in {'created_at': '2026-05-05T07:25:52.612423+00:00', 'created_by': 'b8000b06-7b27-4376-946b-6c000c4dfac4', 'customer_count': 3, 'customers': [{'address': 'Hawalli, Block 4', 'created_at': '2026-04-27T10:24:40.344890+00:00', 'email': 'fatima@example.kw', 'id': '4584eef2-fb92-4c91-9519-3174db4e40c8', ...}, {'address': None, 'created_at': '2026-04-27T10:24:41.805343+00:00', 'created_by': 'f888dac0-e151-4a1b-922e-110b18cab4cc', 'email': None, ...}, {'address': 'Shuwaikh', 'created_at': '2026-04-27T15:11:42.117225+00:00', 'created_by': 'b8000b06-7b27-4376-946b-6c000c4dfac4', 'email': None, ...}], ...}">backend/tests/test_iter3_segments_mobile.py:191: in test_get_segment_detail_shape
    assert "created_by_name" in d
E   AssertionError: assert 'created_by_name' in {'created_at': '2026-05-05T07:25:52.612423+00:00', 'created_by': 'b8000b06-7b27-4376-946b-6c000c4dfac4', 'customer_count': 3, 'customers': [{'address': 'Hawalli, Block 4', 'created_at': '2026-04-27T10:24:40.344890+00:00', 'email': 'fatima@example.kw', 'id': '4584eef2-fb92-4c91-9519-3174db4e40c8', ...}, {'address': None, 'created_at': '2026-04-27T10:24:41.805343+00:00', 'created_by': 'f888dac0-e151-4a1b-922e-110b18cab4cc', 'email': None, ...}, {'address': 'Shuwaikh', 'created_at': '2026-04-27T15:11:42.117225+00:00', 'created_by': 'b8000b06-7b27-4376-946b-6c000c4dfac4', 'email': None, ...}], ...}</failure></testcase><testcase classname="backend.tests.test_iter3_segments_mobile.TestSegmentDetailAndExport" name="test_get_segment_q_filter" time="0.107" /><testcase classname="backend.tests.test_iter3_segments_mobile.TestSegmentDetailAndExport" name="test_export_xlsx" time="0.543" /></testsuite></testsuites>