<?xml version="1.0" encoding="utf-8"?><testsuites name="pytest tests"><testsuite name="pytest" errors="0" failures="0" skipped="0" tests="114" time="42.406" timestamp="2026-05-05T13:36:11.711676+00:00" hostname="agent-env-2c6bd368-7851-49db-9a7a-b6e2c6030607"><testcase classname="backend.tests.test_iter2_backend" name="test_seed" time="1.105" /><testcase classname="backend.tests.test_iter2_backend" name="test_makes_list_returns_30" time="0.485" /><testcase classname="backend.tests.test_iter2_backend" name="test_makes_create_admin_only" time="0.583" /><testcase classname="backend.tests.test_iter2_backend" name="test_customer_minimal_no_email_address_notes" time="0.156" /><testcase classname="backend.tests.test_iter2_backend" name="test_customer_inline_vehicles" time="0.163" /><testcase classname="backend.tests.test_iter2_backend" name="test_quotation_expiry_future" time="0.537" /><testcase classname="backend.tests.test_iter2_backend" name="test_quotation_expiry_past" time="0.075" /><testcase classname="backend.tests.test_iter2_backend" name="test_convert_creates_confirmed_job" time="0.162" /><testcase classname="backend.tests.test_iter2_backend" name="test_timer_start_progresses_status" time="0.082" /><testcase classname="backend.tests.test_iter2_backend" name="test_timer_stop_records_seconds" time="1.283" /><testcase classname="backend.tests.test_iter2_backend" name="test_payment_cash_partial" time="0.077" /><testcase classname="backend.tests.test_iter2_backend" name="test_payment_knet_no_authcode_fails" time="0.084" /><testcase classname="backend.tests.test_iter2_backend" name="test_payment_creditcard_no_authcode_fails" time="0.076" /><testcase classname="backend.tests.test_iter2_backend" name="test_payment_knet_with_authcode_balance_paid" time="0.167" /><testcase classname="backend.tests.test_iter2_backend" name="test_payment_delete_admin_only" time="0.181" /><testcase classname="backend.tests.test_iter2_backend" name="test_invoice_edit_recalculates" time="0.082" /><testcase classname="backend.tests.test_iter2_backend" name="test_complete_job_generates_invoice_number" time="0.079" /><testcase classname="backend.tests.test_iter2_backend" name="test_notifications_shape" time="0.089" /><testcase classname="backend.tests.test_iter2_backend" name="test_reports_sales" time="0.074" /><testcase classname="backend.tests.test_iter2_backend" name="test_reports_pnl" time="0.077" /><testcase classname="backend.tests.test_iter2_backend" name="test_reports_jobs_grouping" time="0.080" /><testcase classname="backend.tests.test_iter2_backend" name="test_reports_customer_history" time="0.079" /><testcase classname="backend.tests.test_iter2_backend" name="test_pnl_admin_only" time="0.073" /><testcase classname="backend.tests.test_iter3_segments_mobile.TestMobileValidator" name="test_letters_rejected" time="0.583" /><testcase classname="backend.tests.test_iter3_segments_mobile.TestMobileValidator" name="test_with_plus_accepted" time="0.116" /><testcase classname="backend.tests.test_iter3_segments_mobile.TestMobileValidator" name="test_digits_only_accepted" time="0.125" /><testcase classname="backend.tests.test_iter3_segments_mobile.TestMobileValidator" name="test_space_inside_rejected" time="0.057" /><testcase classname="backend.tests.test_iter3_segments_mobile.TestSegmentMultiselect" name="test_makes_or_within_group" time="0.179" /><testcase classname="backend.tests.test_iter3_segments_mobile.TestSegmentMultiselect" name="test_makes_only_returns_only_matching" time="0.222" /><testcase classname="backend.tests.test_iter3_segments_mobile.TestSegmentMultiselect" name="test_make_and_model_and_across_groups" time="0.114" /><testcase classname="backend.tests.test_iter3_segments_mobile.TestSegmentMultiselect" name="test_years_multiselect" time="0.109" /><testcase classname="backend.tests.test_iter3_segments_mobile.TestSegmentMultiselect" name="test_colors_multiselect" time="0.162" /><testcase classname="backend.tests.test_iter3_segments_mobile.TestSegmentMultiselect" name="test_legacy_single_make_backcompat" time="0.111" /><testcase classname="backend.tests.test_iter3_segments_mobile.TestSegmentDetailAndExport" name="test_get_segment_detail_shape" time="0.127" /><testcase classname="backend.tests.test_iter3_segments_mobile.TestSegmentDetailAndExport" name="test_get_segment_q_filter" time="0.127" /><testcase classname="backend.tests.test_iter3_segments_mobile.TestSegmentDetailAndExport" name="test_export_xlsx" time="0.222" /><testcase classname="backend.tests.test_phase1_segments_export" name="test_export_customers_xlsx" time="0.645" /><testcase classname="backend.tests.test_phase1_segments_export" name="test_export_vehicles_with_filters" time="0.097" /><testcase classname="backend.tests.test_phase1_segments_export" name="test_export_vehicles_year_filter" time="0.090" /><testcase classname="backend.tests.test_phase1_segments_export" name="test_import_customers_creates_then_skips_duplicates" time="0.188" /><testcase classname="backend.tests.test_phase1_segments_export" name="test_segments_preview_empty_filter_returns_all" time="0.546" /><testcase classname="backend.tests.test_phase1_segments_export" name="test_segments_preview_min_total_spend_no_high_spenders" time="0.076" /><testcase classname="backend.tests.test_phase1_segments_export" name="test_segments_preview_min_job_count_annotates" time="0.081" /><testcase classname="backend.tests.test_phase1_segments_export" name="test_segments_preview_last_service_after" time="0.085" /><testcase classname="backend.tests.test_phase1_segments_export" name="test_segments_list_contains_created" time="0.169" /><testcase classname="backend.tests.test_phase1_segments_export" name="test_segment_export_xlsx" time="0.102" /><testcase classname="backend.tests.test_phase1_segments_export" name="test_segment_delete_sales_forbidden" time="0.076" /><testcase classname="backend.tests.test_phase1_segments_export" name="test_segment_delete_admin_ok" time="0.149" /><testcase classname="backend.tests.test_phase1_segments_export" name="test_cleanup_imported_customers" time="0.247" /><testcase classname="backend.tests.test_phase2_quotations_jobs.TestQuotationsList" name="test_list_returns_created_by_name" time="0.602" /><testcase classname="backend.tests.test_phase2_quotations_jobs.TestQuotationsList" name="test_filter_status_draft" time="0.062" /><testcase classname="backend.tests.test_phase2_quotations_jobs.TestQuotationsList" name="test_filter_q_by_number" time="0.119" /><testcase classname="backend.tests.test_phase2_quotations_jobs.TestQuotationsList" name="test_filter_creator" time="0.122" /><testcase classname="backend.tests.test_phase2_quotations_jobs.TestQuotationsList" name="test_filter_date_range" time="0.061" /><testcase classname="backend.tests.test_phase2_quotations_jobs.TestQuotationDetail" name="test_detail_enrichment" time="0.122" /><testcase classname="backend.tests.test_phase2_quotations_jobs.TestQuotationCreateDiscount" name="test_no_discount" time="0.258" /><testcase classname="backend.tests.test_phase2_quotations_jobs.TestQuotationCreateDiscount" name="test_percent_discount" time="0.062" /><testcase classname="backend.tests.test_phase2_quotations_jobs.TestQuotationCreateDiscount" name="test_amount_discount" time="0.058" /><testcase classname="backend.tests.test_phase2_quotations_jobs.TestApprovalIdempotent" name="test_first_approval_creates_jc_second_returns_same" time="0.258" /><testcase classname="backend.tests.test_phase2_quotations_jobs.TestJobsList" name="test_list_enrichment" time="0.058" /><testcase classname="backend.tests.test_phase2_quotations_jobs.TestJobsList" name="test_filter_q" time="0.117" /><testcase classname="backend.tests.test_phase2_quotations_jobs.TestJobsList" name="test_filter_status_creator_dates" time="0.059" /><testcase classname="backend.tests.test_phase2_quotations_jobs.TestJobDetail" name="test_detail_enrichment" time="0.118" /><testcase classname="backend.tests.test_phase2_quotations_jobs.TestJobDetail" name="test_invoice_percent_discount" time="0.178" /><testcase classname="backend.tests.test_phase3_inventory_services_payments.TestInventoryCategories" name="test_list_all_roles" time="1.829" /><testcase classname="backend.tests.test_phase3_inventory_services_payments.TestInventoryCategories" name="test_default_uncategorized_present_with_migrated_products" time="0.201" /><testcase classname="backend.tests.test_phase3_inventory_services_payments.TestInventoryCategories" name="test_create_admin" time="0.492" /><testcase classname="backend.tests.test_phase3_inventory_services_payments.TestInventoryCategories" name="test_create_sales" time="0.738" /><testcase classname="backend.tests.test_phase3_inventory_services_payments.TestInventoryCategories" name="test_create_tech_403" time="0.168" /><testcase classname="backend.tests.test_phase3_inventory_services_payments.TestInventoryCategories" name="test_duplicate_name_400" time="0.444" /><testcase classname="backend.tests.test_phase3_inventory_services_payments.TestInventoryCategories" name="test_patch_updates" time="0.442" /><testcase classname="backend.tests.test_phase3_inventory_services_payments.TestInventoryCategories" name="test_delete_default_blocked" time="0.304" /><testcase classname="backend.tests.test_phase3_inventory_services_payments.TestInventoryCategories" name="test_delete_with_products_blocked" time="0.767" /><testcase classname="backend.tests.test_phase3_inventory_services_payments.TestInventoryCategories" name="test_delete_empty_succeeds" time="0.356" /><testcase classname="backend.tests.test_phase3_inventory_services_payments.TestInventoryCategories" name="test_export_xlsx" time="0.176" /><testcase classname="backend.tests.test_phase3_inventory_services_payments.TestInventoryProducts" name="test_list_has_category_name_and_reorder" time="0.139" /><testcase classname="backend.tests.test_phase3_inventory_services_payments.TestInventoryProducts" name="test_filters_q_status_category" time="0.581" /><testcase classname="backend.tests.test_phase3_inventory_services_payments.TestInventoryProducts" name="test_create_auto_default_category" time="0.439" /><testcase classname="backend.tests.test_phase3_inventory_services_payments.TestInventoryProducts" name="test_patch_updates_new_fields" time="0.669" /><testcase classname="backend.tests.test_phase3_inventory_services_payments.TestInventoryProducts" name="test_export_inventory_xlsx" time="0.199" /><testcase classname="backend.tests.test_phase3_inventory_services_payments.TestServiceCategories" name="test_list_auth_required" time="0.211" /><testcase classname="backend.tests.test_phase3_inventory_services_payments.TestServiceCategories" name="test_list_with_counts" time="0.166" /><testcase classname="backend.tests.test_phase3_inventory_services_payments.TestServiceCategories" name="test_create_admin_only" time="0.475" /><testcase classname="backend.tests.test_phase3_inventory_services_payments.TestServiceCategories" name="test_delete_blocked_with_services" time="0.755" /><testcase classname="backend.tests.test_phase3_inventory_services_payments.TestServiceCategories" name="test_service_accepts_category_id_and_legacy_category" time="1.194" /><testcase classname="backend.tests.test_phase3_inventory_services_payments.TestPaymentsReport" name="test_default_today" time="0.578" /><testcase classname="backend.tests.test_phase3_inventory_services_payments.TestPaymentsReport" name="test_filters_date_range" time="1.054" /><testcase classname="backend.tests.test_phase3_inventory_services_payments.TestPaymentsReport" name="test_method_filter" time="0.447" /><testcase classname="backend.tests.test_phase3_inventory_services_payments.TestPaymentsReport" name="test_received_by_filter" time="0.861" /><testcase classname="backend.tests.test_phase3_inventory_services_payments.TestPaymentsReport" name="test_export_xlsx" time="0.727" /><testcase classname="backend.tests.test_phase4_settings_roles_users.TestAuth" name="test_login_admin_email_returns_master_and_permissions" time="0.728" /><testcase classname="backend.tests.test_phase4_settings_roles_users.TestAuth" name="test_auth_me_returns_permissions" time="1.264" /><testcase classname="backend.tests.test_phase4_settings_roles_users.TestAuth" name="test_permission_keys_endpoint" time="0.153" /><testcase classname="backend.tests.test_phase4_settings_roles_users.TestRoles" name="test_administrator_role_seeded" time="0.166" /><testcase classname="backend.tests.test_phase4_settings_roles_users.TestRoles" name="test_create_role_admin_only" time="0.140" /><testcase classname="backend.tests.test_phase4_settings_roles_users.TestRoles" name="test_patch_role_updates_permissions" time="0.160" /><testcase classname="backend.tests.test_phase4_settings_roles_users.TestRoles" name="test_delete_role_blocked_when_users_assigned" time="0.299" /><testcase classname="backend.tests.test_phase4_settings_roles_users.TestRoles" name="test_delete_unused_role_succeeds" time="1.876" /><testcase classname="backend.tests.test_phase4_settings_roles_users.TestUsers" name="test_create_user_with_mobile_and_login" time="1.991" /><testcase classname="backend.tests.test_phase4_settings_roles_users.TestUsers" name="test_non_master_cannot_grant_master" time="1.693" /><testcase classname="backend.tests.test_phase4_settings_roles_users.TestUsers" name="test_delete_last_master_blocked" time="1.353" /><testcase classname="backend.tests.test_phase4_settings_roles_users.TestVehicleBrandsModels" name="test_create_brand" time="0.271" /><testcase classname="backend.tests.test_phase4_settings_roles_users.TestVehicleBrandsModels" name="test_duplicate_brand_400" time="0.172" /><testcase classname="backend.tests.test_phase4_settings_roles_users.TestVehicleBrandsModels" name="test_patch_brand" time="0.141" /><testcase classname="backend.tests.test_phase4_settings_roles_users.TestVehicleBrandsModels" name="test_create_model" time="0.159" /><testcase classname="backend.tests.test_phase4_settings_roles_users.TestVehicleBrandsModels" name="test_delete_brand_blocked_when_models_exist" time="0.153" /><testcase classname="backend.tests.test_phase4_settings_roles_users.TestVehicleBrandsModels" name="test_delete_model_blocked_when_vehicle_uses_it" time="0.469" /><testcase classname="backend.tests.test_phase4_settings_roles_users.TestVehicleBrandsModels" name="test_delete_model_then_brand" time="0.310" /><testcase classname="backend.tests.test_phase4_settings_roles_users.TestSystemSettings" name="test_get_settings_authed_user_has_toggles" time="0.594" /><testcase classname="backend.tests.test_phase4_settings_roles_users.TestSystemSettings" name="test_get_settings_admin_is_master" time="0.894" /><testcase classname="backend.tests.test_phase4_settings_roles_users.TestSystemSettings" name="test_put_toggles_non_master_403" time="0.075" /><testcase classname="backend.tests.test_phase4_settings_roles_users.TestSystemSettings" name="test_put_toggles_master_ok_and_persist" time="0.442" /><testcase classname="backend.tests.test_phase4_settings_roles_users.TestSystemSettings" name="test_unknown_integration_400" time="0.156" /><testcase classname="backend.tests.test_phase4_settings_roles_users.TestSystemSettings" name="test_tap_integration_secret_masking_and_preservation" time="0.612" /></testsuite></testsuites>