<?xml version="1.0" encoding="utf-8"?><testsuites name="pytest tests"><testsuite name="pytest" errors="0" failures="0" skipped="0" tests="23" time="6.998" timestamp="2026-04-27T10:24:37.852098+00:00" hostname="agent-env-2c6bd368-7851-49db-9a7a-b6e2c6030607"><testcase classname="backend.tests.test_iter2_backend" name="test_seed" time="1.688" /><testcase classname="backend.tests.test_iter2_backend" name="test_makes_list_returns_30" time="0.555" /><testcase classname="backend.tests.test_iter2_backend" name="test_makes_create_admin_only" time="0.678" /><testcase classname="backend.tests.test_iter2_backend" name="test_customer_minimal_no_email_address_notes" time="0.128" /><testcase classname="backend.tests.test_iter2_backend" name="test_customer_inline_vehicles" time="0.135" /><testcase classname="backend.tests.test_iter2_backend" name="test_quotation_expiry_future" time="0.340" /><testcase classname="backend.tests.test_iter2_backend" name="test_quotation_expiry_past" time="0.063" /><testcase classname="backend.tests.test_iter2_backend" name="test_convert_creates_confirmed_job" time="0.131" /><testcase classname="backend.tests.test_iter2_backend" name="test_timer_start_progresses_status" time="0.069" /><testcase classname="backend.tests.test_iter2_backend" name="test_timer_stop_records_seconds" time="1.269" /><testcase classname="backend.tests.test_iter2_backend" name="test_payment_cash_partial" time="0.072" /><testcase classname="backend.tests.test_iter2_backend" name="test_payment_knet_no_authcode_fails" time="0.065" /><testcase classname="backend.tests.test_iter2_backend" name="test_payment_creditcard_no_authcode_fails" time="0.063" /><testcase classname="backend.tests.test_iter2_backend" name="test_payment_knet_with_authcode_balance_paid" time="0.136" /><testcase classname="backend.tests.test_iter2_backend" name="test_payment_delete_admin_only" time="0.118" /><testcase classname="backend.tests.test_iter2_backend" name="test_invoice_edit_recalculates" time="0.071" /><testcase classname="backend.tests.test_iter2_backend" name="test_complete_job_generates_invoice_number" time="0.072" /><testcase classname="backend.tests.test_iter2_backend" name="test_notifications_shape" time="0.080" /><testcase classname="backend.tests.test_iter2_backend" name="test_reports_sales" time="0.067" /><testcase classname="backend.tests.test_iter2_backend" name="test_reports_pnl" time="0.064" /><testcase classname="backend.tests.test_iter2_backend" name="test_reports_jobs_grouping" time="0.069" /><testcase classname="backend.tests.test_iter2_backend" name="test_reports_customer_history" time="0.067" /><testcase classname="backend.tests.test_iter2_backend" name="test_pnl_admin_only" time="0.066" /></testsuite></testsuites>