<?xml version="1.0" encoding="utf-8"?><testsuites name="pytest tests"><testsuite name="pytest" errors="0" failures="1" skipped="0" tests="24" time="28.468" timestamp="2026-05-05T12:47:28.737826+00:00" hostname="agent-env-2c6bd368-7851-49db-9a7a-b6e2c6030607"><testcase classname="backend.tests.test_phase4_settings_roles_users.TestAuth" name="test_login_admin_email_returns_master_and_permissions" time="1.147" /><testcase classname="backend.tests.test_phase4_settings_roles_users.TestAuth" name="test_auth_me_returns_permissions" time="3.187" /><testcase classname="backend.tests.test_phase4_settings_roles_users.TestAuth" name="test_permission_keys_endpoint" time="0.564" /><testcase classname="backend.tests.test_phase4_settings_roles_users.TestRoles" name="test_administrator_role_seeded" time="0.529" /><testcase classname="backend.tests.test_phase4_settings_roles_users.TestRoles" name="test_create_role_admin_only" time="0.761" /><testcase classname="backend.tests.test_phase4_settings_roles_users.TestRoles" name="test_patch_role_updates_permissions" time="0.707" /><testcase classname="backend.tests.test_phase4_settings_roles_users.TestRoles" name="test_delete_role_blocked_when_users_assigned" time="0.713" /><testcase classname="backend.tests.test_phase4_settings_roles_users.TestRoles" name="test_delete_unused_role_succeeds" time="2.698" /><testcase classname="backend.tests.test_phase4_settings_roles_users.TestUsers" name="test_create_user_with_mobile_and_login" time="3.348" /><testcase classname="backend.tests.test_phase4_settings_roles_users.TestUsers" name="test_non_master_cannot_grant_master" time="3.192" /><testcase classname="backend.tests.test_phase4_settings_roles_users.TestUsers" name="test_delete_last_master_blocked" time="3.488" /><testcase classname="backend.tests.test_phase4_settings_roles_users.TestVehicleBrandsModels" name="test_create_brand" time="0.700" /><testcase classname="backend.tests.test_phase4_settings_roles_users.TestVehicleBrandsModels" name="test_duplicate_brand_400" time="0.319" /><testcase classname="backend.tests.test_phase4_settings_roles_users.TestVehicleBrandsModels" name="test_patch_brand" time="0.339" /><testcase classname="backend.tests.test_phase4_settings_roles_users.TestVehicleBrandsModels" name="test_create_model" time="0.360" /><testcase classname="backend.tests.test_phase4_settings_roles_users.TestVehicleBrandsModels" name="test_delete_brand_blocked_when_models_exist" time="0.385" /><testcase classname="backend.tests.test_phase4_settings_roles_users.TestVehicleBrandsModels" name="test_delete_model_blocked_when_vehicle_uses_it" time="0.990" /><testcase classname="backend.tests.test_phase4_settings_roles_users.TestVehicleBrandsModels" name="test_delete_model_then_brand" time="0.695" /><testcase classname="backend.tests.test_phase4_settings_roles_users.TestSystemSettings" name="test_get_settings_authed_user_has_toggles" time="1.545" /><testcase classname="backend.tests.test_phase4_settings_roles_users.TestSystemSettings" name="test_get_settings_admin_is_master" time="0.410" /><testcase classname="backend.tests.test_phase4_settings_roles_users.TestSystemSettings" name="test_put_toggles_non_master_403" time="0.221" /><testcase classname="backend.tests.test_phase4_settings_roles_users.TestSystemSettings" name="test_put_toggles_master_ok_and_persist" time="1.029" /><testcase classname="backend.tests.test_phase4_settings_roles_users.TestSystemSettings" name="test_unknown_integration_400" time="0.314" /><testcase classname="backend.tests.test_phase4_settings_roles_users.TestSystemSettings" name="test_tap_integration_secret_masking_and_preservation" time="0.367"><failure message="AssertionError: assert '•' in 'sec_999_realvalue'&#10; +  where 'sec_999_realvalue' = str('sec_999_realvalue')">backend/tests/test_phase4_settings_roles_users.py:408: in test_tap_integration_secret_masking_and_preservation
    assert "•" in str(masked["fields"]["secret_key"])
E   AssertionError: assert '•' in 'sec_999_realvalue'
E    +  where 'sec_999_realvalue' = str('sec_999_realvalue')</failure></testcase></testsuite></testsuites>