<?xml version="1.0" encoding="utf-8"?><testsuites name="pytest tests"><testsuite name="pytest" errors="0" failures="1" skipped="0" tests="64" time="12.437" timestamp="2026-05-05T08:16:50.090031+00:00" hostname="agent-env-2c6bd368-7851-49db-9a7a-b6e2c6030607"><testcase classname="backend.tests.test_iter2_backend" name="test_seed" time="1.258" /><testcase classname="backend.tests.test_iter2_backend" name="test_makes_list_returns_30" time="0.465" /><testcase classname="backend.tests.test_iter2_backend" name="test_makes_create_admin_only" time="0.542" /><testcase classname="backend.tests.test_iter2_backend" name="test_customer_minimal_no_email_address_notes" time="0.113" /><testcase classname="backend.tests.test_iter2_backend" name="test_customer_inline_vehicles" time="0.127" /><testcase classname="backend.tests.test_iter2_backend" name="test_quotation_expiry_future" time="0.310" /><testcase classname="backend.tests.test_iter2_backend" name="test_quotation_expiry_past" time="0.065" /><testcase classname="backend.tests.test_iter2_backend" name="test_convert_creates_confirmed_job" time="0.147" /><testcase classname="backend.tests.test_iter2_backend" name="test_timer_start_progresses_status" time="0.071" /><testcase classname="backend.tests.test_iter2_backend" name="test_timer_stop_records_seconds" time="1.259" /><testcase classname="backend.tests.test_iter2_backend" name="test_payment_cash_partial" time="0.064" /><testcase classname="backend.tests.test_iter2_backend" name="test_payment_knet_no_authcode_fails" time="0.052" /><testcase classname="backend.tests.test_iter2_backend" name="test_payment_creditcard_no_authcode_fails" time="0.057" /><testcase classname="backend.tests.test_iter2_backend" name="test_payment_knet_with_authcode_balance_paid" time="0.116" /><testcase classname="backend.tests.test_iter2_backend" name="test_payment_delete_admin_only" time="0.113" /><testcase classname="backend.tests.test_iter2_backend" name="test_invoice_edit_recalculates" time="0.073"><failure message="assert 0.0 == 1.0">E   assert 0.0 == 1.0</failure></testcase><testcase classname="backend.tests.test_iter2_backend" name="test_complete_job_generates_invoice_number" time="0.064" /><testcase classname="backend.tests.test_iter2_backend" name="test_notifications_shape" time="0.061" /><testcase classname="backend.tests.test_iter2_backend" name="test_reports_sales" time="0.056" /><testcase classname="backend.tests.test_iter2_backend" name="test_reports_pnl" time="0.049" /><testcase classname="backend.tests.test_iter2_backend" name="test_reports_jobs_grouping" time="0.055" /><testcase classname="backend.tests.test_iter2_backend" name="test_reports_customer_history" time="0.071" /><testcase classname="backend.tests.test_iter2_backend" name="test_pnl_admin_only" time="0.054" /><testcase classname="backend.tests.test_iter3_segments_mobile.TestMobileValidator" name="test_letters_rejected" time="0.611" /><testcase classname="backend.tests.test_iter3_segments_mobile.TestMobileValidator" name="test_with_plus_accepted" time="0.116" /><testcase classname="backend.tests.test_iter3_segments_mobile.TestMobileValidator" name="test_digits_only_accepted" time="0.120" /><testcase classname="backend.tests.test_iter3_segments_mobile.TestMobileValidator" name="test_space_inside_rejected" time="0.054" /><testcase classname="backend.tests.test_iter3_segments_mobile.TestSegmentMultiselect" name="test_makes_or_within_group" time="0.173" /><testcase classname="backend.tests.test_iter3_segments_mobile.TestSegmentMultiselect" name="test_makes_only_returns_only_matching" time="0.169" /><testcase classname="backend.tests.test_iter3_segments_mobile.TestSegmentMultiselect" name="test_make_and_model_and_across_groups" time="0.104" /><testcase classname="backend.tests.test_iter3_segments_mobile.TestSegmentMultiselect" name="test_years_multiselect" time="0.111" /><testcase classname="backend.tests.test_iter3_segments_mobile.TestSegmentMultiselect" name="test_colors_multiselect" time="0.178" /><testcase classname="backend.tests.test_iter3_segments_mobile.TestSegmentMultiselect" name="test_legacy_single_make_backcompat" time="0.121" /><testcase classname="backend.tests.test_iter3_segments_mobile.TestSegmentDetailAndExport" name="test_get_segment_detail_shape" time="0.124" /><testcase classname="backend.tests.test_iter3_segments_mobile.TestSegmentDetailAndExport" name="test_get_segment_q_filter" time="0.121" /><testcase classname="backend.tests.test_iter3_segments_mobile.TestSegmentDetailAndExport" name="test_export_xlsx" time="0.162" /><testcase classname="backend.tests.test_phase1_segments_export" name="test_export_customers_xlsx" time="0.557" /><testcase classname="backend.tests.test_phase1_segments_export" name="test_export_vehicles_with_filters" time="0.080" /><testcase classname="backend.tests.test_phase1_segments_export" name="test_export_vehicles_year_filter" time="0.079" /><testcase classname="backend.tests.test_phase1_segments_export" name="test_import_customers_creates_then_skips_duplicates" time="0.175" /><testcase classname="backend.tests.test_phase1_segments_export" name="test_segments_preview_empty_filter_returns_all" time="0.450" /><testcase classname="backend.tests.test_phase1_segments_export" name="test_segments_preview_min_total_spend_no_high_spenders" time="0.054" /><testcase classname="backend.tests.test_phase1_segments_export" name="test_segments_preview_min_job_count_annotates" time="0.053" /><testcase classname="backend.tests.test_phase1_segments_export" name="test_segments_preview_last_service_after" time="0.049" /><testcase classname="backend.tests.test_phase1_segments_export" name="test_segments_list_contains_created" time="0.108" /><testcase classname="backend.tests.test_phase1_segments_export" name="test_segment_export_xlsx" time="0.085" /><testcase classname="backend.tests.test_phase1_segments_export" name="test_segment_delete_sales_forbidden" time="0.047" /><testcase classname="backend.tests.test_phase1_segments_export" name="test_segment_delete_admin_ok" time="0.101" /><testcase classname="backend.tests.test_phase1_segments_export" name="test_cleanup_imported_customers" time="0.160" /><testcase classname="backend.tests.test_phase2_quotations_jobs.TestQuotationsList" name="test_list_returns_created_by_name" time="0.599" /><testcase classname="backend.tests.test_phase2_quotations_jobs.TestQuotationsList" name="test_filter_status_draft" time="0.060" /><testcase classname="backend.tests.test_phase2_quotations_jobs.TestQuotationsList" name="test_filter_q_by_number" time="0.112" /><testcase classname="backend.tests.test_phase2_quotations_jobs.TestQuotationsList" name="test_filter_creator" time="0.108" /><testcase classname="backend.tests.test_phase2_quotations_jobs.TestQuotationsList" name="test_filter_date_range" time="0.052" /><testcase classname="backend.tests.test_phase2_quotations_jobs.TestQuotationDetail" name="test_detail_enrichment" time="0.113" /><testcase classname="backend.tests.test_phase2_quotations_jobs.TestQuotationCreateDiscount" name="test_no_discount" time="0.214" /><testcase classname="backend.tests.test_phase2_quotations_jobs.TestQuotationCreateDiscount" name="test_percent_discount" time="0.062" /><testcase classname="backend.tests.test_phase2_quotations_jobs.TestQuotationCreateDiscount" name="test_amount_discount" time="0.052" /><testcase classname="backend.tests.test_phase2_quotations_jobs.TestApprovalIdempotent" name="test_first_approval_creates_jc_second_returns_same" time="0.220" /><testcase classname="backend.tests.test_phase2_quotations_jobs.TestJobsList" name="test_list_enrichment" time="0.111" /><testcase classname="backend.tests.test_phase2_quotations_jobs.TestJobsList" name="test_filter_q" time="0.111" /><testcase classname="backend.tests.test_phase2_quotations_jobs.TestJobsList" name="test_filter_status_creator_dates" time="0.053" /><testcase classname="backend.tests.test_phase2_quotations_jobs.TestJobDetail" name="test_detail_enrichment" time="0.106" /><testcase classname="backend.tests.test_phase2_quotations_jobs.TestJobDetail" name="test_invoice_percent_discount" time="0.168" /></testsuite></testsuites>