<?xml version="1.0" encoding="utf-8"?><testsuites name="pytest tests"><testsuite name="pytest" errors="0" failures="2" skipped="0" tests="26" time="12.056" timestamp="2026-05-05T11:03:12.260714+00:00" hostname="agent-env-2c6bd368-7851-49db-9a7a-b6e2c6030607"><testcase classname="backend.tests.test_phase3_inventory_services_payments.TestInventoryCategories" name="test_list_all_roles" time="2.659" /><testcase classname="backend.tests.test_phase3_inventory_services_payments.TestInventoryCategories" name="test_default_uncategorized_present_with_migrated_products" time="0.148" /><testcase classname="backend.tests.test_phase3_inventory_services_payments.TestInventoryCategories" name="test_create_admin" time="0.543" /><testcase classname="backend.tests.test_phase3_inventory_services_payments.TestInventoryCategories" name="test_create_sales" time="0.722" /><testcase classname="backend.tests.test_phase3_inventory_services_payments.TestInventoryCategories" name="test_create_tech_403" time="0.148" /><testcase classname="backend.tests.test_phase3_inventory_services_payments.TestInventoryCategories" name="test_duplicate_name_400" time="0.496" /><testcase classname="backend.tests.test_phase3_inventory_services_payments.TestInventoryCategories" name="test_patch_updates" time="0.536" /><testcase classname="backend.tests.test_phase3_inventory_services_payments.TestInventoryCategories" name="test_delete_default_blocked" time="0.293" /><testcase classname="backend.tests.test_phase3_inventory_services_payments.TestInventoryCategories" name="test_delete_with_products_blocked" time="0.821" /><testcase classname="backend.tests.test_phase3_inventory_services_payments.TestInventoryCategories" name="test_delete_empty_succeeds" time="0.298" /><testcase classname="backend.tests.test_phase3_inventory_services_payments.TestInventoryCategories" name="test_export_xlsx" time="0.246" /><testcase classname="backend.tests.test_phase3_inventory_services_payments.TestInventoryProducts" name="test_list_has_category_name_and_reorder" time="0.158" /><testcase classname="backend.tests.test_phase3_inventory_services_payments.TestInventoryProducts" name="test_filters_q_status_category" time="0.600" /><testcase classname="backend.tests.test_phase3_inventory_services_payments.TestInventoryProducts" name="test_create_auto_default_category" time="0.492" /><testcase classname="backend.tests.test_phase3_inventory_services_payments.TestInventoryProducts" name="test_patch_updates_new_fields" time="0.455" /><testcase classname="backend.tests.test_phase3_inventory_services_payments.TestInventoryProducts" name="test_export_inventory_xlsx" time="0.182" /><testcase classname="backend.tests.test_phase3_inventory_services_payments.TestServiceCategories" name="test_list_auth_required" time="0.141" /><testcase classname="backend.tests.test_phase3_inventory_services_payments.TestServiceCategories" name="test_list_with_counts" time="0.151" /><testcase classname="backend.tests.test_phase3_inventory_services_payments.TestServiceCategories" name="test_create_admin_only" time="0.536" /><testcase classname="backend.tests.test_phase3_inventory_services_payments.TestServiceCategories" name="test_delete_blocked_with_services" time="0.307"><failure message="AssertionError: {&quot;detail&quot;:[{&quot;type&quot;:&quot;missing&quot;,&quot;loc&quot;:[&quot;body&quot;,&quot;category&quot;],&quot;msg&quot;:&quot;Field required&quot;,&quot;input&quot;:{&quot;category_id&quot;:&quot;3a7e596e-e0d7-4f4f-bbbb-0878f4a5e487&quot;,&quot;name&quot;:&quot;TEST_linked_svc&quot;,&quot;price&quot;:10,&quot;duration_min&quot;:30},&quot;url&quot;:&quot;https://errors.pydantic.dev/2.12/v/missing&quot;},{&quot;type&quot;:&quot;missing&quot;,&quot;loc&quot;:[&quot;body&quot;,&quot;pricing_mode&quot;],&quot;msg&quot;:&quot;Field required&quot;,&quot;input&quot;:{&quot;category_id&quot;:&quot;3a7e596e-e0d7-4f4f-bbbb-0878f4a5e487&quot;,&quot;name&quot;:&quot;TEST_linked_svc&quot;,&quot;price&quot;:10,&quot;duration_min&quot;:30},&quot;url&quot;:&quot;https://errors.pydantic.dev/2.12/v/missing&quot;}]}&#10;assert 422 == 200&#10; +  where 422 = &lt;Response [422]&gt;.status_code">backend/tests/test_phase3_inventory_services_payments.py:268: in test_delete_blocked_with_services
    assert svc.status_code == 200, svc.text
E   AssertionError: {"detail":[{"type":"missing","loc":["body","category"],"msg":"Field required","input":{"category_id":"3a7e596e-e0d7-4f4f-bbbb-0878f4a5e487","name":"TEST_linked_svc","price":10,"duration_min":30},"url":"https://errors.pydantic.dev/2.12/v/missing"},{"type":"missing","loc":["body","pricing_mode"],"msg":"Field required","input":{"category_id":"3a7e596e-e0d7-4f4f-bbbb-0878f4a5e487","name":"TEST_linked_svc","price":10,"duration_min":30},"url":"https://errors.pydantic.dev/2.12/v/missing"}]}
E   assert 422 == 200
E    +  where 422 = &lt;Response [422]&gt;.status_code</failure></testcase><testcase classname="backend.tests.test_phase3_inventory_services_payments.TestServiceCategories" name="test_service_accepts_category_id_and_legacy_category" time="0.377"><failure message="AssertionError: {&quot;detail&quot;:[{&quot;type&quot;:&quot;missing&quot;,&quot;loc&quot;:[&quot;body&quot;,&quot;category&quot;],&quot;msg&quot;:&quot;Field required&quot;,&quot;input&quot;:{&quot;category_id&quot;:&quot;7fb2ff63-75f8-4342-9994-d4b5c7ef62c2&quot;,&quot;name&quot;:&quot;TEST_with_catid&quot;,&quot;price&quot;:5,&quot;duration_min&quot;:20},&quot;url&quot;:&quot;https://errors.pydantic.dev/2.12/v/missing&quot;},{&quot;type&quot;:&quot;missing&quot;,&quot;loc&quot;:[&quot;body&quot;,&quot;pricing_mode&quot;],&quot;msg&quot;:&quot;Field required&quot;,&quot;input&quot;:{&quot;category_id&quot;:&quot;7fb2ff63-75f8-4342-9994-d4b5c7ef62c2&quot;,&quot;name&quot;:&quot;TEST_with_catid&quot;,&quot;price&quot;:5,&quot;duration_min&quot;:20},&quot;url&quot;:&quot;https://errors.pydantic.dev/2.12/v/missing&quot;}]}&#10;assert 422 == 200&#10; +  where 422 = &lt;Response [422]&gt;.status_code">backend/tests/test_phase3_inventory_services_payments.py:282: in test_service_accepts_category_id_and_legacy_category
    assert s1.status_code == 200, s1.text
E   AssertionError: {"detail":[{"type":"missing","loc":["body","category"],"msg":"Field required","input":{"category_id":"7fb2ff63-75f8-4342-9994-d4b5c7ef62c2","name":"TEST_with_catid","price":5,"duration_min":20},"url":"https://errors.pydantic.dev/2.12/v/missing"},{"type":"missing","loc":["body","pricing_mode"],"msg":"Field required","input":{"category_id":"7fb2ff63-75f8-4342-9994-d4b5c7ef62c2","name":"TEST_with_catid","price":5,"duration_min":20},"url":"https://errors.pydantic.dev/2.12/v/missing"}]}
E   assert 422 == 200
E    +  where 422 = &lt;Response [422]&gt;.status_code</failure></testcase><testcase classname="backend.tests.test_phase3_inventory_services_payments.TestPaymentsReport" name="test_default_today" time="0.146" /><testcase classname="backend.tests.test_phase3_inventory_services_payments.TestPaymentsReport" name="test_filters_date_range" time="0.212" /><testcase classname="backend.tests.test_phase3_inventory_services_payments.TestPaymentsReport" name="test_method_filter" time="0.162" /><testcase classname="backend.tests.test_phase3_inventory_services_payments.TestPaymentsReport" name="test_received_by_filter" time="0.321" /><testcase classname="backend.tests.test_phase3_inventory_services_payments.TestPaymentsReport" name="test_export_xlsx" time="0.187" /></testsuite></testsuites>