<?xml version="1.0" encoding="utf-8"?><testsuites name="pytest tests"><testsuite name="pytest" errors="0" failures="0" skipped="0" tests="13" time="3.374" timestamp="2026-05-04T15:55:33.927340+00:00" hostname="agent-env-2c6bd368-7851-49db-9a7a-b6e2c6030607"><testcase classname="backend.tests.test_phase1_segments_export" name="test_export_customers_xlsx" time="0.754" /><testcase classname="backend.tests.test_phase1_segments_export" name="test_export_vehicles_with_filters" time="0.075" /><testcase classname="backend.tests.test_phase1_segments_export" name="test_export_vehicles_year_filter" time="0.075" /><testcase classname="backend.tests.test_phase1_segments_export" name="test_import_customers_creates_then_skips_duplicates" time="0.170" /><testcase classname="backend.tests.test_phase1_segments_export" name="test_segments_preview_empty_filter_returns_all" time="0.483" /><testcase classname="backend.tests.test_phase1_segments_export" name="test_segments_preview_min_total_spend_no_high_spenders" time="0.072" /><testcase classname="backend.tests.test_phase1_segments_export" name="test_segments_preview_min_job_count_annotates" time="0.073" /><testcase classname="backend.tests.test_phase1_segments_export" name="test_segments_preview_last_service_after" time="0.126" /><testcase classname="backend.tests.test_phase1_segments_export" name="test_segments_list_contains_created" time="0.183" /><testcase classname="backend.tests.test_phase1_segments_export" name="test_segment_export_xlsx" time="0.079" /><testcase classname="backend.tests.test_phase1_segments_export" name="test_segment_delete_sales_forbidden" time="0.049" /><testcase classname="backend.tests.test_phase1_segments_export" name="test_segment_delete_admin_ok" time="0.111" /><testcase classname="backend.tests.test_phase1_segments_export" name="test_cleanup_imported_customers" time="0.196" /></testsuite></testsuites>