<?xml version="1.0" encoding="utf-8"?><testsuites name="pytest tests"><testsuite name="pytest" errors="0" failures="1" skipped="0" tests="90" time="32.876" timestamp="2026-05-05T11:08:12.046372+00:00" hostname="agent-env-2c6bd368-7851-49db-9a7a-b6e2c6030607"><testcase classname="backend.tests.test_iter2_backend" name="test_seed" time="1.469" /><testcase classname="backend.tests.test_iter2_backend" name="test_makes_list_returns_30" time="0.655" /><testcase classname="backend.tests.test_iter2_backend" name="test_makes_create_admin_only" time="1.011" /><testcase classname="backend.tests.test_iter2_backend" name="test_customer_minimal_no_email_address_notes" time="0.236" /><testcase classname="backend.tests.test_iter2_backend" name="test_customer_inline_vehicles" time="0.340" /><testcase classname="backend.tests.test_iter2_backend" name="test_quotation_expiry_future" time="0.689" /><testcase classname="backend.tests.test_iter2_backend" name="test_quotation_expiry_past" time="0.242" /><testcase classname="backend.tests.test_iter2_backend" name="test_convert_creates_confirmed_job" time="0.216" /><testcase classname="backend.tests.test_iter2_backend" name="test_timer_start_progresses_status" time="0.066" /><testcase classname="backend.tests.test_iter2_backend" name="test_timer_stop_records_seconds" time="1.346" /><testcase classname="backend.tests.test_iter2_backend" name="test_payment_cash_partial" time="0.167" /><testcase classname="backend.tests.test_iter2_backend" name="test_payment_knet_no_authcode_fails" time="0.202" /><testcase classname="backend.tests.test_iter2_backend" name="test_payment_creditcard_no_authcode_fails" time="0.070" /><testcase classname="backend.tests.test_iter2_backend" name="test_payment_knet_with_authcode_balance_paid" time="0.246" /><testcase classname="backend.tests.test_iter2_backend" name="test_payment_delete_admin_only" time="0.249" /><testcase classname="backend.tests.test_iter2_backend" name="test_invoice_edit_recalculates" time="0.183" /><testcase classname="backend.tests.test_iter2_backend" name="test_complete_job_generates_invoice_number" time="0.080" /><testcase classname="backend.tests.test_iter2_backend" name="test_notifications_shape" time="0.248" /><testcase classname="backend.tests.test_iter2_backend" name="test_reports_sales" time="0.067" /><testcase classname="backend.tests.test_iter2_backend" name="test_reports_pnl" time="0.116" /><testcase classname="backend.tests.test_iter2_backend" name="test_reports_jobs_grouping" time="0.106" /><testcase classname="backend.tests.test_iter2_backend" name="test_reports_customer_history" time="0.159" /><testcase classname="backend.tests.test_iter2_backend" name="test_pnl_admin_only" time="0.058" /><testcase classname="backend.tests.test_iter3_segments_mobile.TestMobileValidator" name="test_letters_rejected" time="0.959" /><testcase classname="backend.tests.test_iter3_segments_mobile.TestMobileValidator" name="test_with_plus_accepted" time="0.311" /><testcase classname="backend.tests.test_iter3_segments_mobile.TestMobileValidator" name="test_digits_only_accepted" time="0.250" /><testcase classname="backend.tests.test_iter3_segments_mobile.TestMobileValidator" name="test_space_inside_rejected" time="0.117" /><testcase classname="backend.tests.test_iter3_segments_mobile.TestSegmentMultiselect" name="test_makes_or_within_group" time="0.415" /><testcase classname="backend.tests.test_iter3_segments_mobile.TestSegmentMultiselect" name="test_makes_only_returns_only_matching" time="0.374" /><testcase classname="backend.tests.test_iter3_segments_mobile.TestSegmentMultiselect" name="test_make_and_model_and_across_groups" time="0.220" /><testcase classname="backend.tests.test_iter3_segments_mobile.TestSegmentMultiselect" name="test_years_multiselect" time="0.239" /><testcase classname="backend.tests.test_iter3_segments_mobile.TestSegmentMultiselect" name="test_colors_multiselect" time="0.435" /><testcase classname="backend.tests.test_iter3_segments_mobile.TestSegmentMultiselect" name="test_legacy_single_make_backcompat" time="0.256" /><testcase classname="backend.tests.test_iter3_segments_mobile.TestSegmentDetailAndExport" name="test_get_segment_detail_shape" time="0.294" /><testcase classname="backend.tests.test_iter3_segments_mobile.TestSegmentDetailAndExport" name="test_get_segment_q_filter" time="0.276" /><testcase classname="backend.tests.test_iter3_segments_mobile.TestSegmentDetailAndExport" name="test_export_xlsx" time="0.322" /><testcase classname="backend.tests.test_phase1_segments_export" name="test_export_customers_xlsx" time="0.677" /><testcase classname="backend.tests.test_phase1_segments_export" name="test_export_vehicles_with_filters" time="0.087" /><testcase classname="backend.tests.test_phase1_segments_export" name="test_export_vehicles_year_filter" time="0.106" /><testcase classname="backend.tests.test_phase1_segments_export" name="test_import_customers_creates_then_skips_duplicates" time="0.155" /><testcase classname="backend.tests.test_phase1_segments_export" name="test_segments_preview_empty_filter_returns_all" time="0.477" /><testcase classname="backend.tests.test_phase1_segments_export" name="test_segments_preview_min_total_spend_no_high_spenders" time="0.054" /><testcase classname="backend.tests.test_phase1_segments_export" name="test_segments_preview_min_job_count_annotates" time="0.065" /><testcase classname="backend.tests.test_phase1_segments_export" name="test_segments_preview_last_service_after" time="0.063" /><testcase classname="backend.tests.test_phase1_segments_export" name="test_segments_list_contains_created" time="0.119" /><testcase classname="backend.tests.test_phase1_segments_export" name="test_segment_export_xlsx" time="0.096" /><testcase classname="backend.tests.test_phase1_segments_export" name="test_segment_delete_sales_forbidden" time="0.049" /><testcase classname="backend.tests.test_phase1_segments_export" name="test_segment_delete_admin_ok" time="0.117" /><testcase classname="backend.tests.test_phase1_segments_export" name="test_cleanup_imported_customers" time="0.160" /><testcase classname="backend.tests.test_phase2_quotations_jobs.TestQuotationsList" name="test_list_returns_created_by_name" time="0.723" /><testcase classname="backend.tests.test_phase2_quotations_jobs.TestQuotationsList" name="test_filter_status_draft" time="0.109" /><testcase classname="backend.tests.test_phase2_quotations_jobs.TestQuotationsList" name="test_filter_q_by_number" time="0.223" /><testcase classname="backend.tests.test_phase2_quotations_jobs.TestQuotationsList" name="test_filter_creator" time="0.238" /><testcase classname="backend.tests.test_phase2_quotations_jobs.TestQuotationsList" name="test_filter_date_range" time="0.112" /><testcase classname="backend.tests.test_phase2_quotations_jobs.TestQuotationDetail" name="test_detail_enrichment" time="0.218" /><testcase classname="backend.tests.test_phase2_quotations_jobs.TestQuotationCreateDiscount" name="test_no_discount" time="0.428" /><testcase classname="backend.tests.test_phase2_quotations_jobs.TestQuotationCreateDiscount" name="test_percent_discount" time="0.383" /><testcase classname="backend.tests.test_phase2_quotations_jobs.TestQuotationCreateDiscount" name="test_amount_discount" time="0.099" /><testcase classname="backend.tests.test_phase2_quotations_jobs.TestApprovalIdempotent" name="test_first_approval_creates_jc_second_returns_same" time="0.376" /><testcase classname="backend.tests.test_phase2_quotations_jobs.TestJobsList" name="test_list_enrichment" time="0.105" /><testcase classname="backend.tests.test_phase2_quotations_jobs.TestJobsList" name="test_filter_q" time="0.212" /><testcase classname="backend.tests.test_phase2_quotations_jobs.TestJobsList" name="test_filter_status_creator_dates" time="0.125" /><testcase classname="backend.tests.test_phase2_quotations_jobs.TestJobDetail" name="test_detail_enrichment" time="0.243" /><testcase classname="backend.tests.test_phase2_quotations_jobs.TestJobDetail" name="test_invoice_percent_discount" time="0.304" /><testcase classname="backend.tests.test_phase3_inventory_services_payments.TestInventoryCategories" name="test_list_all_roles" time="2.143" /><testcase classname="backend.tests.test_phase3_inventory_services_payments.TestInventoryCategories" name="test_default_uncategorized_present_with_migrated_products" time="0.202"><failure message="AssertionError: Expected migrated products in default category&#10;assert 0 &gt;= 1&#10; +  where 0 = &lt;built-in method get of dict object at 0x7d5cfc573e80&gt;('product_count', 0)&#10; +    where &lt;built-in method get of dict object at 0x7d5cfc573e80&gt; = {'active': True, 'created_at': '2026-05-05T10:51:58.229610+00:00', 'created_by_name': '', 'description': 'Default category for unclassified items', ...}.get">E   AssertionError: Expected migrated products in default category
    assert 0 &gt;= 1
     +  where 0 = &lt;built-in method get of dict object at 0x7d5cfc573e80&gt;('product_count', 0)
     +    where &lt;built-in method get of dict object at 0x7d5cfc573e80&gt; = {'active': True, 'created_at': '2026-05-05T10:51:58.229610+00:00', 'created_by_name': '', 'description': 'Default category for unclassified items', ...}.get</failure></testcase><testcase classname="backend.tests.test_phase3_inventory_services_payments.TestInventoryCategories" name="test_create_admin" time="0.574" /><testcase classname="backend.tests.test_phase3_inventory_services_payments.TestInventoryCategories" name="test_create_sales" time="0.913" /><testcase classname="backend.tests.test_phase3_inventory_services_payments.TestInventoryCategories" name="test_create_tech_403" time="0.166" /><testcase classname="backend.tests.test_phase3_inventory_services_payments.TestInventoryCategories" name="test_duplicate_name_400" time="0.573" /><testcase classname="backend.tests.test_phase3_inventory_services_payments.TestInventoryCategories" name="test_patch_updates" time="0.524" /><testcase classname="backend.tests.test_phase3_inventory_services_payments.TestInventoryCategories" name="test_delete_default_blocked" time="0.357" /><testcase classname="backend.tests.test_phase3_inventory_services_payments.TestInventoryCategories" name="test_delete_with_products_blocked" time="0.883" /><testcase classname="backend.tests.test_phase3_inventory_services_payments.TestInventoryCategories" name="test_delete_empty_succeeds" time="0.344" /><testcase classname="backend.tests.test_phase3_inventory_services_payments.TestInventoryCategories" name="test_export_xlsx" time="0.211" /><testcase classname="backend.tests.test_phase3_inventory_services_payments.TestInventoryProducts" name="test_list_has_category_name_and_reorder" time="0.171" /><testcase classname="backend.tests.test_phase3_inventory_services_payments.TestInventoryProducts" name="test_filters_q_status_category" time="0.485" /><testcase classname="backend.tests.test_phase3_inventory_services_payments.TestInventoryProducts" name="test_create_auto_default_category" time="0.634" /><testcase classname="backend.tests.test_phase3_inventory_services_payments.TestInventoryProducts" name="test_patch_updates_new_fields" time="0.788" /><testcase classname="backend.tests.test_phase3_inventory_services_payments.TestInventoryProducts" name="test_export_inventory_xlsx" time="0.182" /><testcase classname="backend.tests.test_phase3_inventory_services_payments.TestServiceCategories" name="test_list_auth_required" time="0.160" /><testcase classname="backend.tests.test_phase3_inventory_services_payments.TestServiceCategories" name="test_list_with_counts" time="0.157" /><testcase classname="backend.tests.test_phase3_inventory_services_payments.TestServiceCategories" name="test_create_admin_only" time="0.549" /><testcase classname="backend.tests.test_phase3_inventory_services_payments.TestServiceCategories" name="test_delete_blocked_with_services" time="0.763" /><testcase classname="backend.tests.test_phase3_inventory_services_payments.TestServiceCategories" name="test_service_accepts_category_id_and_legacy_category" time="1.099" /><testcase classname="backend.tests.test_phase3_inventory_services_payments.TestPaymentsReport" name="test_default_today" time="0.203" /><testcase classname="backend.tests.test_phase3_inventory_services_payments.TestPaymentsReport" name="test_filters_date_range" time="0.194" /><testcase classname="backend.tests.test_phase3_inventory_services_payments.TestPaymentsReport" name="test_method_filter" time="0.166" /><testcase classname="backend.tests.test_phase3_inventory_services_payments.TestPaymentsReport" name="test_received_by_filter" time="0.326" /><testcase classname="backend.tests.test_phase3_inventory_services_payments.TestPaymentsReport" name="test_export_xlsx" time="0.204" /></testsuite></testsuites>